YinchaoMusic-Independent/Android/test/build/outputs/logs/manifest-merger-debug-report.txt
-- Merging decision tree log ---
manifest
ADDED from Android\test\AndroidManifest.xml:2:1-37:12
	xmlns:android
		ADDED from Android\test\AndroidManifest.xml:2:11-69
	package
		ADDED from Android\test\AndroidManifest.xml:3:5-35
	android:versionName
		ADDED from Android\test\AndroidManifest.xml:5:5-30
	android:versionCode
		ADDED from Android\test\AndroidManifest.xml:4:5-28
		INJECTED from Android\test\AndroidManifest.xml
		INJECTED from Android\test\AndroidManifest.xml
uses-sdk
ADDED from Android\test\AndroidManifest.xml:7:5-9:41
MERGED from [Android:playback:unspecified] AndroidManifest.xml:7:5-9:41
	android:targetSdkVersion
		ADDED from Android\test\AndroidManifest.xml:9:9-38
	android:minSdkVersion
		ADDED from Android\test\AndroidManifest.xml:8:9-34
uses-permission#android.permission.WRITE_EXTERNAL_STORAGE
ADDED from Android\test\AndroidManifest.xml:10:5-80
	android:name
		ADDED from Android\test\AndroidManifest.xml:10:22-78
application
ADDED from Android\test\AndroidManifest.xml:12:5-26:19
MERGED from [Android:playback:unspecified] AndroidManifest.xml:11:5-16:19
	android:label
		ADDED from Android\test\AndroidManifest.xml:15:9-41
	android:allowBackup
		ADDED from Android\test\AndroidManifest.xml:13:9-35
	android:icon
		ADDED from Android\test\AndroidManifest.xml:14:9-45
	android:theme
		ADDED from Android\test\AndroidManifest.xml:16:9-40
activity#com.sds.playbacktest.MainActivity
ADDED from Android\test\AndroidManifest.xml:17:9-25:20
	android:label
		ADDED from Android\test\AndroidManifest.xml:19:13-45
	android:name
		ADDED from Android\test\AndroidManifest.xml:18:13-61
intent-filter#android.intent.action.MAIN+android.intent.category.LAUNCHER
ADDED from Android\test\AndroidManifest.xml:20:13-24:29
action#android.intent.action.MAIN
ADDED from Android\test\AndroidManifest.xml:21:17-69
	android:name
		ADDED from Android\test\AndroidManifest.xml:21:25-66
category#android.intent.category.LAUNCHER
ADDED from Android\test\AndroidManifest.xml:23:17-77
	android:name
		ADDED from Android\test\AndroidManifest.xml:23:27-74
uses-permission#android.permission.RECORD_AUDIO
ADDED from Android\test\AndroidManifest.xml:29:5-87
	android:name
		ADDED from Android\test\AndroidManifest.xml:29:22-68
uses-permission#android.permission.MODIFY_AUDIO_SETTINGS
ADDED from Android\test\AndroidManifest.xml:32:5-96
	android:name
		ADDED from Android\test\AndroidManifest.xml:32:22-77
uses-permission#android.permission.INTERNET
ADDED from Android\test\AndroidManifest.xml:34:5-66
	android:name
		ADDED from Android\test\AndroidManifest.xml:34:22-64
uses-permission#android.permission.MOUNT_UNMOUNT_FILESYSTEMS
ADDED from Android\test\AndroidManifest.xml:36:5-83
	android:name
		ADDED from Android\test\AndroidManifest.xml:36:22-81